<?xml version="1.0" encoding="UTF-8"?>
<!-- Generated by org.testng.reporters.JUnitReportReporter -->
<testsuite hostname="kansoft10" name="com.TestCases.TC_04_AdmnX_Add_Scheme" tests="2" failures="0" timestamp="4 Nov 2016 06:07:27 GMT" time="74.726" errors="0">
  <testcase name="TestLogin" time="8.348" classname="com.TestCases.TC_04_AdmnX_Add_Scheme"/>
  <testcase name="AddSchemeProcess" time="66.378" classname="com.TestCases.TC_04_AdmnX_Add_Scheme"/>
</testsuite> <!-- com.TestCases.TC_04_AdmnX_Add_Scheme -->
