<?xml version="1.0" encoding="UTF-8"?>
<!-- Generated by org.testng.reporters.JUnitReportReporter -->
<testsuite hostname="kansoft10" name="com.TestCases.TC_Temp_SpellFashion" tests="2" failures="0" timestamp="24 Nov 2016 13:04:26 GMT" time="2800.890" errors="0">
  <testcase name="TestLogin" time="9.963" classname="com.TestCases.TC_Temp_SpellFashion"/>
  <testcase name="CreateOrder" time="2790.927" classname="com.TestCases.TC_Temp_SpellFashion"/>
</testsuite> <!-- com.TestCases.TC_Temp_SpellFashion -->
