<?xml version="1.0" encoding="UTF-8"?>
<!-- Generated by org.testng.reporters.JUnitReportReporter -->
<testsuite hostname="kansoft10" name="com.TestCases.TC_Temp_subcategory" tests="2" failures="0" timestamp="29 Nov 2016 09:10:38 GMT" time="78.868" errors="0">
  <testcase name="Login" time="2.750" classname="com.TestCases.TC_Temp_subcategory"/>
  <testcase name="CreateSubcategory" time="76.118" classname="com.TestCases.TC_Temp_subcategory"/>
</testsuite> <!-- com.TestCases.TC_Temp_subcategory -->
