<?xml version="1.0" encoding="UTF-8"?>
<!-- Generated by org.testng.reporters.JUnitReportReporter -->
<testsuite hostname="kansoft10" name="com.TestCases.TC_05_Warehouse_Zone_Section" tests="2" failures="0" timestamp="4 Nov 2016 11:14:29 GMT" time="20.084" errors="0">
  <testcase name="Login" time="10.714" classname="com.TestCases.TC_05_Warehouse_Zone_Section"/>
  <testcase name="AddZone" time="9.370" classname="com.TestCases.TC_05_Warehouse_Zone_Section"/>
</testsuite> <!-- com.TestCases.TC_05_Warehouse_Zone_Section -->
