<?xml version="1.0" encoding="UTF-8"?>
<!-- Generated by org.testng.reporters.JUnitReportReporter -->
<testsuite hostname="kansoft10" name="com.TestCases.TC_02_AdmnX_Add_Courier" tests="2" failures="0" timestamp="25 Oct 2016 08:54:01 GMT" time="36.846" errors="0">
  <testcase name="TestRun" time="23.138" classname="com.TestCases.TC_02_AdmnX_Add_Courier"/>
  <testcase name="Add_Courier_Test_Login" time="13.708" classname="com.TestCases.TC_02_AdmnX_Add_Courier"/>
</testsuite> <!-- com.TestCases.TC_02_AdmnX_Add_Courier -->
