<?xml version="1.0" encoding="UTF-8"?>
<!-- Generated by org.testng.reporters.JUnitReportReporter -->
<testsuite hostname="kansoft10" name="com.TestCases.TC_06_AdmnX_Add_Agent" tests="2" failures="0" timestamp="7 Nov 2016 12:44:52 GMT" time="2371.118" errors="0">
  <testcase name="AddAgent" time="2355.250" classname="com.TestCases.TC_06_AdmnX_Add_Agent"/>
  <testcase name="AdminXLogin" time="15.868" classname="com.TestCases.TC_06_AdmnX_Add_Agent"/>
</testsuite> <!-- com.TestCases.TC_06_AdmnX_Add_Agent -->
