<?xml version="1.0" encoding="UTF-8"?>
<!-- Generated by org.testng.reporters.JUnitReportReporter -->
<testsuite hostname="kansoft10" name="com.TestCases.TC_08_Picklist_Process" tests="5" failures="0" timestamp="28 Nov 2016 10:07:05 GMT" time="1087.448" errors="0">
  <testcase name="viewPicklist" time="67.839" classname="com.TestCases.TC_08_Picklist_Process"/>
  <testcase name="Test_CreatePicklist" time="12.526" classname="com.TestCases.TC_08_Picklist_Process"/>
  <testcase name="CourierManifest" time="131.763" classname="com.TestCases.TC_08_Picklist_Process"/>
  <testcase name="ScanBarcode" time="865.530" classname="com.TestCases.TC_08_Picklist_Process"/>
  <testcase name="TestLogin" time="9.790" classname="com.TestCases.TC_08_Picklist_Process"/>
</testsuite> <!-- com.TestCases.TC_08_Picklist_Process -->
