<?xml version="1.0" encoding="UTF-8"?>
<!-- Generated by org.testng.reporters.JUnitReportReporter -->
<testsuite hostname="kansoft10" name="com.TestCases.TC_Temp_category" tests="2" failures="0" timestamp="29 Nov 2016 08:43:34 GMT" time="68.112" errors="0">
  <testcase name="Login" time="2.904" classname="com.TestCases.TC_Temp_category"/>
  <testcase name="TestCategory" time="65.208" classname="com.TestCases.TC_Temp_category"/>
</testsuite> <!-- com.TestCases.TC_Temp_category -->
