<?xml version="1.0" encoding="UTF-8"?>
<!-- Generated by org.testng.reporters.JUnitReportReporter -->
<testsuite hostname="kansoft10" name="com.TestCases.TC_03_AdmnX_Add_Product_Group" tests="1" failures="0" timestamp="30 Nov 2016 06:53:42 GMT" time="109.847" errors="0">
  <testcase name="AddProductGroup" time="109.847" classname="com.TestCases.TC_03_AdmnX_Add_Product_Group"/>
</testsuite> <!-- com.TestCases.TC_03_AdmnX_Add_Product_Group -->
