<?xml version="1.0" encoding="UTF-8"?>
<!-- Generated by org.testng.reporters.JUnitReportReporter -->
<testsuite hostname="kansoft10" name="com.TestCases.TC_01_GRN_Process" tests="1" failures="0" timestamp="24 Oct 2016 10:23:53 GMT" time="39.626" errors="0">
  <testcase name="CreatePO" time="39.626" classname="com.TestCases.TC_01_GRN_Process"/>
</testsuite> <!-- com.TestCases.TC_01_GRN_Process -->
