<?xml version="1.0" encoding="UTF-8"?>
<!-- Generated by org.testng.reporters.JUnitReportReporter -->
<testsuite hostname="kansoft10" name="com.TestCases.TC_Temp_Attribute_Details" tests="2" failures="0" timestamp="29 Nov 2016 10:17:14 GMT" time="31.930" errors="0">
  <testcase name="Login" time="3.629" classname="com.TestCases.TC_Temp_Attribute_Details"/>
  <testcase name="TestCategory" time="28.301" classname="com.TestCases.TC_Temp_Attribute_Details"/>
</testsuite> <!-- com.TestCases.TC_Temp_Attribute_Details -->
